<?xml version="1.0" encoding="UTF-8"?>
<testsuite xmlns:xsi="http://www.w3.org/2001/XMLSchema-instance" xsi:noNamespaceSchemaLocation="https://maven.apache.org/surefire/maven-surefire-plugin/xsd/surefire-test-report-3.0.xsd" version="3.0" name="com.example.demo.DemoApplicationTests" time="12.356" tests="3" errors="0" skipped="0" failures="0">
  <properties>
[...]
</properties>
  <testcase name="testFindAllUsers" classname="com.example.demo.DemoApplicationTests" time="4.127">
    <system-out><![CDATA[23:41:54.268 [main] INFO org.springframework.test.context.support.AnnotationConfigContextLoaderUtils -- Could not detect default configuration classes for test class [com.example.demo.DemoApplicationTests]: DemoApplicationTests does not declare any static, non-private, non-final, nested classes annotated with @Configuration.
23:41:54.465 [main] INFO org.springframework.boot.test.context.SpringBootTestContextBootstrapper -- Found @SpringBootConfiguration com.example.demo.DemoApplication for test class com.example.demo.DemoApplicationTests

  .   ____          _            __ _ _
 /\\ / ___'_ __ _ _(_)_ __  __ _ \ \ \ \
( ( )\___ | '_ | '_| | '_ \/ _` | \ \ \ \
 \\/  ___)| |_)| | | | | || (_| |  ) ) ) )
  '  |____| .__|_| |_|_| |_\__, | / / / /
 =========|_|==============|___/=/_/_/_/
 :: Spring Boot ::                (v3.2.3)

2026-03-02T23:41:55.272+08:00  INFO 10816 --- [springboot-demo] [           main] com.example.demo.DemoApplicationTests    : Starting DemoApplicationTests using Java 21.0.10 with PID 10816 (started by zjs19 in D:\myJavaPro\vibe-coding-study\springboot-demo)
2026-03-02T23:41:55.274+08:00 DEBUG 10816 --- [springboot-demo] [           main] com.example.demo.DemoApplicationTests    : Running with Spring Boot v3.2.3, Spring v6.1.4
2026-03-02T23:41:55.275+08:00  INFO 10816 --- [springboot-demo] [           main] com.example.demo.DemoApplicationTests    : No active profile set, falling back to 1 default profile: "default"
2026-03-02T23:41:56.532+08:00  INFO 10816 --- [springboot-demo] [           main] .s.d.r.c.RepositoryConfigurationDelegate : Bootstrapping Spring Data JPA repositories in DEFAULT mode.
2026-03-02T23:41:56.685+08:00  INFO 10816 --- [springboot-demo] [           main] .s.d.r.c.RepositoryConfigurationDelegate : Finished Spring Data repository scanning in 130 ms. Found 1 JPA repository interface.
2026-03-02T23:41:57.766+08:00  INFO 10816 --- [springboot-demo] [           main] o.hibernate.jpa.internal.util.LogHelper  : HHH000204: Processing PersistenceUnitInfo [name: default]
2026-03-02T23:41:57.922+08:00  INFO 10816 --- [springboot-demo] [           main] org.hibernate.Version                    : HHH000412: Hibernate ORM core version 6.4.4.Final
2026-03-02T23:41:58.007+08:00  INFO 10816 --- [springboot-demo] [           main] o.h.c.internal.RegionFactoryInitiator    : HHH000026: Second-level cache disabled
2026-03-02T23:41:58.610+08:00  INFO 10816 --- [springboot-demo] [           main] o.s.o.j.p.SpringPersistenceUnitInfo      : No LoadTimeWeaver setup: ignoring JPA class transformer
2026-03-02T23:41:58.694+08:00  INFO 10816 --- [springboot-demo] [           main] com.zaxxer.hikari.HikariDataSource       : HikariPool-1 - Starting...
2026-03-02T23:41:58.963+08:00  INFO 10816 --- [springboot-demo] [           main] com.zaxxer.hikari.pool.HikariPool        : HikariPool-1 - Added connection conn0: url=jdbc:h2:mem:demodb user=SA
2026-03-02T23:41:58.965+08:00  INFO 10816 --- [springboot-demo] [           main] com.zaxxer.hikari.HikariDataSource       : HikariPool-1 - Start completed.
2026-03-02T23:41:59.137+08:00  WARN 10816 --- [springboot-demo] [           main] org.hibernate.orm.deprecation            : HHH90000025: H2Dialect does not need to be specified explicitly using 'hibernate.dialect' (remove the property setting and it will be selected by default)
2026-03-02T23:42:00.244+08:00  INFO 10816 --- [springboot-demo] [           main] o.h.e.t.j.p.i.JtaPlatformInitiator       : HHH000489: No JTA platform available (set 'hibernate.transaction.jta.platform' to enable JTA platform integration)
Hibernate: 
    drop table if exists users cascade 
Hibernate: 
    create table users (
        id bigint generated by default as identity,
        phone varchar(20),
        name varchar(50) not null,
        email varchar(100) not null unique,
        primary key (id)
    )
2026-03-02T23:42:00.281+08:00  INFO 10816 --- [springboot-demo] [           main] j.LocalContainerEntityManagerFactoryBean : Initialized JPA EntityManagerFactory for persistence unit 'default'
2026-03-02T23:42:01.325+08:00  WARN 10816 --- [springboot-demo] [           main] JpaBaseConfiguration$JpaWebConfiguration : spring.jpa.open-in-view is enabled by default. Therefore, database queries may be performed during view rendering. Explicitly configure spring.jpa.open-in-view to disable this warning
2026-03-02T23:42:01.872+08:00  INFO 10816 --- [springboot-demo] [           main] o.s.b.a.h2.H2ConsoleAutoConfiguration    : H2 console available at '/h2-console'. Database available at 'jdbc:h2:mem:demodb'
2026-03-02T23:42:01.972+08:00  INFO 10816 --- [springboot-demo] [           main] com.example.demo.DemoApplicationTests    : Started DemoApplicationTests in 7.304 seconds (process running for 8.731)
Hibernate: 
    select
        u1_0.id,
        u1_0.email,
        u1_0.name,
        u1_0.phone 
    from
        users u1_0
所有用户: [User(id=1, name=张三, email=zhangsan@example.com, phone=13800138001), User(id=2, name=李四, email=lisi@example.com, phone=13800138002), User(id=3, name=王五, email=wangwu@example.com, phone=13800138003)]
]]></system-out>
    <system-err><![CDATA[WARNING: A Java agent has been loaded dynamically (D:\devEnv\apache-maven-3.9.12\repository\net\bytebuddy\byte-buddy-agent\1.14.12\byte-buddy-agent-1.14.12.jar)
WARNING: If a serviceability tool is in use, please run with -XX:+EnableDynamicAgentLoading to hide this warning
WARNING: If a serviceability tool is not in use, please run with -Djdk.instrument.traceUsage for more information
WARNING: Dynamic loading of agents will be disallowed by default in a future release
]]></system-err>
  </testcase>
  <testcase name="testCreateUser" classname="com.example.demo.DemoApplicationTests" time="0.164">
    <system-out><![CDATA[Hibernate: 
    select
        u1_0.id 
    from
        users u1_0 
    where
        u1_0.email=? 
    fetch
        first ? rows only
Hibernate: 
    insert 
    into
        users
        (email, name, phone, id) 
    values
        (?, ?, ?, default)
创建用户成功: User(id=4, name=测试用户, email=test@example.com, phone=13900139000)
]]></system-out>
  </testcase>
  <testcase name="contextLoads" classname="com.example.demo.DemoApplicationTests" time="0.003"/>
</testsuite>